<?xml version="1.0" encoding="UTF-8"?>
<coverage generated="1492314742174" clover="3.2.0">
  <project timestamp="1492314742174" name="All files">
    <metrics statements="5" coveredstatements="5" conditionals="6" coveredconditionals="3" methods="2" coveredmethods="2" elements="13" coveredelements="10" complexity="0" loc="5" ncloc="5" packages="1" files="1" classes="1">
      <file name="TabBarIcon.js" path="/Users/lihaitang/Documents/im/reactNativeLeancloudIm/src/components/TabBarIcon.js">
        <metrics statements="5" coveredstatements="5" conditionals="6" coveredconditionals="3" methods="2" coveredmethods="2"/>
        <line num="18" count="1" type="stmt"/>
        <line num="30" count="1" type="stmt"/>
        <line num="32" count="1" type="cond" truecount="2" falsecount="2"/>
        <line num="33" count="1" type="cond" truecount="1" falsecount="1"/>
        <line num="34" count="1" type="stmt"/>
      </file>
    </metrics>
  </project>
</coverage>
