{"/Users/lihaitang/Documents/im/reactNativeLeancloudIm/src/components/TabBarIcon.js": {"path":"/Users/lihaitang/Documents/im/reactNativeLeancloudIm/src/components/TabBarIcon.js","statementMap":{"0":{"start":{"line":18,"column":8},"end":{"line":22,"column":10}},"1":{"start":{"line":30,"column":12},"end":{"line":30,"column":22}},"2":{"start":{"line":32,"column":8},"end":{"line":32,"column":80}},"3":{"start":{"line":33,"column":20},"end":{"line":33,"column":57}},"4":{"start":{"line":34,"column":8},"end":{"line":36,"column":10}}},"fnMap":{"0":{"name":"(anonymous_0)","decl":{"start":{"line":17,"column":4},"end":{"line":17,"column":5}},"loc":{"start":{"line":17,"column":26},"end":{"line":23,"column":5}},"line":17},"1":{"name":"(anonymous_1)","decl":{"start":{"line":25,"column":4},"end":{"line":25,"column":5}},"loc":{"start":{"line":25,"column":12},"end":{"line":37,"column":5}},"line":25}},"branchMap":{"0":{"loc":{"start":{"line":32,"column":15},"end":{"line":32,"column":79}},"type":"cond-expr","locations":[{"start":{"line":32,"column":25},"end":{"line":32,"column":29}},{"start":{"line":32,"column":32},"end":{"line":32,"column":79}}],"line":32},"1":{"loc":{"start":{"line":32,"column":32},"end":{"line":32,"column":79}},"type":"cond-expr","locations":[{"start":{"line":32,"column":57},"end":{"line":32,"column":61}},{"start":{"line":32,"column":64},"end":{"line":32,"column":79}}],"line":32},"2":{"loc":{"start":{"line":33,"column":20},"end":{"line":33,"column":57}},"type":"cond-expr","locations":[{"start":{"line":33,"column":31},"end":{"line":33,"column":33}},{"start":{"line":33,"column":36},"end":{"line":33,"column":57}}],"line":33}},"s":{"0":1,"1":1,"2":1,"3":1,"4":1},"f":{"0":1,"1":1},"b":{"0":[0,1],"1":[0,1],"2":[1,0]},"_coverageSchema":"332fd63041d2c1bcb487cc26dd0d5f7d97098a6c","hash":"50abad2f51a85101d4bb190c1ca0064cd1747833"}
}
